Arguments: 
  /home/parker/.nvm/versions/node/v12.18.3/bin/node /usr/share/yarn/bin/yarn.js

PATH: 
  /home/parker/.nvm/versions/node/v12.18.3/bin:/usr/local/sbin:/usr/local/bin:/usr/sbin:/usr/bin:/sbin:/bin:/usr/games:/usr/local/games:/snap/bin

Yarn version: 
  1.22.5

Node version: 
  12.18.3

Platform: 
  linux x64

Trace: 
  SyntaxError: /home/parker/Dev/ARPhoenix/desafio01/desafioredux/package.json: Unexpected token } in JSON at position 1987
      at JSON.parse (<anonymous>)
      at /usr/share/yarn/lib/cli.js:1625:59
      at Generator.next (<anonymous>)
      at step (/usr/share/yarn/lib/cli.js:310:30)
      at /usr/share/yarn/lib/cli.js:321:13

npm manifest: 
  {
    "name": "argon-design-system-react",
    "version": "1.1.0",
    "description": "React version of Argon Design System by Creative Tim",
    "main": "index.js",
    "repository": {
      "type": "git",
      "url": "git+https://github.com/creativetimofficial/argon-design-system-react.git"
    },
    "author": "Creative Tim",
    "license": "MIT",
    "scripts": {
      "start": "react-app-rewired  start",
      "build": "react-app-rewired  build && gulp licenses",
      "test": "react-scripts test",
      "eject": "react-app-rewired  eject",
      "install:clean": "rm -rf node_modules/ && rm -rf package-lock.json && npm install && npm start",
      "compile-sass": "node-sass src/assets/scss/argon-design-system-react.scss src/assets/css/argon-design-system-react.css",
      "minify-sass": "node-sass src/assets/scss/argon-design-system-react.scss src/assets/css/argon-design-system-react.min.css --output-style compressed",
      "map-sass": "node-sass src/assets/scss/argon-design-system-react.scss src/assets/css/argon-design-system-react.css"
    },
    "eslintConfig": {
      "extends": "react-app"
    },
    "browserslist": [
      ">0.2%",
      "not dead",
      "not ie <= 11",
      "not op_mini all"
    ],
    "dependencies": {
      "@babel/plugin-proposal-decorators": "^7.10.5",
      "aws-amplify": "^3.0.25",
      "bootstrap": "4.3.1",
      "class-autobind": "^0.1.4",
      "classnames": "2.2.6",
      "connected-react-router": "^6.8.0",
      "customize-cra": "^1.0.0",
      "eslint-config-airbnb": "^18.2.0",
      "eslint-config-prettier": "^6.11.0",
      "headroom.js": "0.11.0",
      "node-sass": "4.13.1",
      "nouislider": "14.1.1",
      "prettier": "^2.1.0",
      "react": "16.12.0",
      "react-app-rewired": "^2.1.6",
      "react-datetime": "2.16.3",
      "react-dom": "16.12.0",
      "react-redux": "^7.2.1",
      "react-router": "5.1.2",
      "react-router-dom": "5.1.2",
      "react-router-scroll-top": "^0.2.1",
      "react-scripts": "3.4.1",
      "reactstrap": "8.4.1",
      "redux": "^4.0.5",
      "redux-logger": "^3.0.6",
    },
    "devDependencies": {
      "@types/react": "16.9.19",
      "eslint-plugin-flowtype": "3.13.0",
      "gulp": "4.0.2",
      "gulp-append-prepend": "1.0.8",
      "typescript": "3.7.5"
    }
  }

yarn manifest: 
  No manifest

Lockfile: 
  No lockfile
